<?xml version="1.0" encoding="UTF-8"?>
<!-- Generated by org.testng.reporters.JUnitReportReporter -->
<testsuite hostname="LAPTOP-4LN1AE6I" name="tests.Browserstack_LoginPage" tests="2" failures="0" timestamp="8 Apr 2021 17:36:07 GMT" time="19.261" errors="0">
  <testcase name="login" time="10.969" classname="tests.Browserstack_LoginPage"/>
  <testcase name="login" time="8.292" classname="tests.Browserstack_LoginPage"/>
</testsuite> <!-- tests.Browserstack_LoginPage -->
