<?xml version="1.0" encoding="UTF-8"?>
<!-- Generated by org.testng.reporters.JUnitReportReporter -->
<testsuite hostname="LAPTOP-4LN1AE6I" name="tests.Browserstack_LoginPage" tests="2" failures="0" timestamp="17 Apr 2021 20:25:09 GMT" time="23.290" errors="0">
  <testcase name="login" time="14.947" classname="tests.Browserstack_LoginPage"/>
  <testcase name="login" time="8.343" classname="tests.Browserstack_LoginPage"/>
</testsuite> <!-- tests.Browserstack_LoginPage -->
